#
# There is insufficient memory for the Java Runtime Environment to continue.
# Native memory allocation (malloc) failed to allocate 1048576 bytes for AllocateHeap
# Possible reasons:
#   The system is out of physical RAM or swap space
#   In 32 bit mode, the process size limit was hit
# Possible solutions:
#   Reduce memory load on the system
#   Increase physical memory or swap space
#   Check if swap backing store is full
#   Use 64 bit Java on a 64 bit OS
#   Decrease Java heap size (-Xmx/-Xms)
#   Decrease number of Java threads
#   Decrease Java thread stack sizes (-Xss)
#   Set larger code cache with -XX:ReservedCodeCacheSize=
# This output file may be truncated or incomplete.
#
#  Out of Memory Error (memory/allocation.inline.hpp:61), pid=26020, tid=0x00000000000062c8
#
# JRE version:  (8.0_121-b13) (build )
# Java VM: Java HotSpot(TM) 64-Bit Server VM (25.121-b13 mixed mode windows-amd64 compressed oops)
# Failed to write core dump. Minidumps are not enabled by default on client versions of Windows
#

---------------  T H R E A D  ---------------

Current thread (0x0000000002b92800):  JavaThread "Unknown thread" [_thread_in_vm, id=25288, stack(0x00000000029d0000,0x0000000002ad0000)]

Stack: [0x00000000029d0000,0x0000000002ad0000]
[error occurred during error reporting (printing stack bounds), id 0xc0000005]

Native frames: (J=compiled Java code, j=interpreted, Vv=VM code, C=native code)


---------------  P R O C E S S  ---------------

Java Threads: ( => current thread )

Other Threads:

=>0x0000000002b92800 (exited) JavaThread "Unknown thread" [_thread_in_vm, id=25288, stack(0x00000000029d0000,0x0000000002ad0000)]

VM state:not at safepoint (normal execution)

VM Mutex/Monitor currently owned by a thread: None

Heap:
 PSYoungGen      total 18432K, used 317K [0x00000000eb580000, 0x00000000eca00000, 0x0000000100000000)
  eden space 15872K, 2% used [0x00000000eb580000,0x00000000eb5cf5d0,0x00000000ec500000)
  from space 2560K, 0% used [0x00000000ec780000,0x00000000ec780000,0x00000000eca00000)
  to   space 2560K, 0% used [0x00000000ec500000,0x00000000ec500000,0x00000000ec780000)
 ParOldGen       total 42496K, used 0K [0x00000000c2000000, 0x00000000c4980000, 0x00000000eb580000)
  object space 42496K, 0% used [0x00000000c2000000,0x00000000c2000000,0x00000000c4980000)
 Metaspace       used 783K, capacity 1092K, committed 1152K, reserved 1060864K
  class space    used 75K, capacity 384K, committed 384K, reserved 1048576K

Card table byte_map: [0x0000000012050000,0x0000000012250000] byte_map_base: 0x0000000011a40000

Marking Bits: (ParMarkBitMap*) 0x000000005426b6d0
 Begin Bits: [0x00000000127a0000, 0x0000000013720000)
 End Bits:   [0x0000000013720000, 0x00000000146a0000)

Polling page: 0x00000000009e0000

CodeCache: size=245760Kb used=327Kb max_used=327Kb free=245432Kb
 bounds [0x0000000002c90000, 0x0000000002f00000, 0x0000000011c90000]
 total_blobs=57 nmethods=0 adapters=38
 compilation: enabled

Compilation events (0 events):
No events

GC Heap History (0 events):
No events

Deoptimization events (0 events):
No events

Internal exceptions (0 events):
No events

Events (10 events):
Event: 0.036 loading class java/lang/Short
Event: 0.036 loading class java/lang/Short done
Event: 0.036 loading class java/lang/Integer
Event: 0.037 loading class java/lang/Integer done
Event: 0.037 loading class java/lang/Long
Event: 0.037 loading class java/lang/Long done
Event: 0.038 loading class java/lang/NullPointerException
Event: 0.038 loading class java/lang/NullPointerException done
Event: 0.038 loading class java/lang/ArithmeticException
Event: 0.038 loading class java/lang/ArithmeticException done


Dynamic libraries:
0x00007ff631b20000 - 0x00007ff631b57000 	C:\Program Files\Java\jdk1.8.0_121\bin\java.exe
0x00007ff8fe340000 - 0x00007ff8fe530000 	C:\Windows\SYSTEM32\ntdll.dll
0x00007ff8fe170000 - 0x00007ff8fe222000 	C:\Windows\System32\KERNEL32.DLL
0x00007ff8fb520000 - 0x00007ff8fb7c3000 	C:\Windows\System32\KERNELBASE.dll
0x00007ff8fd4c0000 - 0x00007ff8fd563000 	C:\Windows\System32\ADVAPI32.dll
0x00007ff8fdbb0000 - 0x00007ff8fdc4e000 	C:\Windows\System32\msvcrt.dll
0x00007ff8fd1e0000 - 0x00007ff8fd277000 	C:\Windows\System32\sechost.dll
0x00007ff8fc530000 - 0x00007ff8fc650000 	C:\Windows\System32\RPCRT4.dll
0x00007ff8fcf50000 - 0x00007ff8fd0e4000 	C:\Windows\System32\USER32.dll
0x00007ff8fb2d0000 - 0x00007ff8fb2f1000 	C:\Windows\System32\win32u.dll
0x00007ff8fd320000 - 0x00007ff8fd346000 	C:\Windows\System32\GDI32.dll
0x00007ff8fba20000 - 0x00007ff8fbbb4000 	C:\Windows\System32\gdi32full.dll
0x00007ff8fb880000 - 0x00007ff8fb91e000 	C:\Windows\System32\msvcp_win.dll
0x00007ff8fb920000 - 0x00007ff8fba1a000 	C:\Windows\System32\ucrtbase.dll
0x00007ff8e9840000 - 0x00007ff8e9ac5000 	C:\Windows\WinSxS\amd64_microsoft.windows.common-controls_6595b64144ccf1df_6.0.18362.720_none_e6beb5c51314836b\COMCTL32.dll
0x00007ff8fd570000 - 0x00007ff8fd8a6000 	C:\Windows\System32\combase.dll
0x00007ff8fbbc0000 - 0x00007ff8fbc40000 	C:\Windows\System32\bcryptPrimitives.dll
0x00007ff8fd2f0000 - 0x00007ff8fd31e000 	C:\Windows\System32\IMM32.DLL
0x0000000053970000 - 0x0000000053a42000 	C:\Program Files\Java\jdk1.8.0_121\jre\bin\msvcr100.dll
0x0000000053a50000 - 0x00000000542eb000 	C:\Program Files\Java\jdk1.8.0_121\jre\bin\server\jvm.dll
0x00007ff8fc520000 - 0x00007ff8fc528000 	C:\Windows\System32\PSAPI.DLL
0x00007ff8f7bb0000 - 0x00007ff8f7bb9000 	C:\Windows\SYSTEM32\WSOCK32.dll
0x00007ff8f8e90000 - 0x00007ff8f8eb4000 	C:\Windows\SYSTEM32\WINMM.dll
0x00007ff8fd0f0000 - 0x00007ff8fd15f000 	C:\Windows\System32\WS2_32.dll
0x00007ff8f4060000 - 0x00007ff8f406a000 	C:\Windows\SYSTEM32\VERSION.dll
0x00007ff8f7a20000 - 0x00007ff8f7a4d000 	C:\Windows\SYSTEM32\winmmbase.dll
0x00007ff8fb320000 - 0x00007ff8fb36a000 	C:\Windows\System32\cfgmgr32.dll
0x0000000053920000 - 0x000000005392f000 	C:\Program Files\Java\jdk1.8.0_121\jre\bin\verify.dll
0x00000000538f0000 - 0x0000000053919000 	C:\Program Files\Java\jdk1.8.0_121\jre\bin\java.dll
0x00000000538d0000 - 0x00000000538e6000 	C:\Program Files\Java\jdk1.8.0_121\jre\bin\zip.dll

VM Arguments:
jvm_args: -Dfile.encoding=UTF-8 
java_command: rentalmobil.Login
java_class_path (initial): C:\Program Files\NetBeans 8.2\ide\modules\ext\mysql-connector-java-5.1.23-bin.jar;C:\Users\Yolan Anjani Usen\Documents\NetBeansProjects\RentalMobil\build\classes
Launcher Type: SUN_STANDARD

Environment Variables:
PATH=C:\ProgramData\Oracle\Java\javapath;C:\Windows\system32;C:\Windows;C:\Windows\System32\Wbem;C:\Windows\System32\WindowsPowerShell\v1.0\;C:\Windows\System32\OpenSSH\;C:\Users\Yolan Anjani Usen\AppData\Local\Microsoft\WindowsApps;
USERNAME=Yolan Anjani Usen
OS=Windows_NT
PROCESSOR_IDENTIFIER=AMD64 Family 21 Model 101 Stepping 1, AuthenticAMD



---------------  S Y S T E M  ---------------

OS: Windows 10.0 , 64 bit Build 18362 (10.0.18362.329)

CPU:total 4 (4 cores per cpu, 1 threads per core) family 21 model 101 stepping 1, cmov, cx8, fxsr, mmx, sse, sse2, sse3, ssse3, sse4.1, sse4.2, popcnt, avx, avx2, aes, clmul, mmxext, 3dnowpref, lzcnt, sse4a, tsc, tscinvbit, tscinv, bmi1

Memory: 4k page, physical 4062584k(379784k free), swap 5486968k(6112k free)

vm_info: Java HotSpot(TM) 64-Bit Server VM (25.121-b13) for windows-amd64 JRE (1.8.0_121-b13), built on Dec 12 2016 18:21:36 by "java_re" with MS VC++ 10.0 (VS2010)

time: Mon Apr 13 00:58:03 2020
elapsed time: 0 seconds (0d 0h 0m 0s)

